mktextfm Times
mktextfm Times
mktextfm Times
mktextfm Times/BI
mktextfm Times
mktextfm Times/B
mktextfm Times
mktextfm Times/I
mktextfm Times
mktextfm Times
mktextfm Times
mktextfm Times
mktextfm Times
mktextfm Times
mktextfm Times
mktextfm Times
mktextfm Times
mktextfm Times
mktextfm Times
mktextfm EBgaramond
mktextfm EBgaramond
mktextfm EBgaramond
mktextfm EBgaramond/BI
mktextfm EBgaramond
mktextfm EBgaramond/B
mktextfm EBgaramond
mktextfm EBgaramond/I
mktextfm EBgaramond
mktextfm EBgaramond
mktextfm EBgaramond
mktextfm EBgaramond
mktextfm EBgaramond
mktextfm EBgaramond
mktextfm EBgaramond
mktextfm EBgaramond
mktextfm EBgaramond
mktextfm EBgaramond
mktextfm EBgaramond
